--------------------------------------------------------------------------------
nrfjprog -f nrf52 --memrd 0 --log
nrfjprog verion 9.1.0
--------------------------------------------------------------------------------
FUNCTION: open_dll.
FUNCTION: open_dll.
FUNCTION: enum_emu_snr.
FUNCTION: enum_emu_snr.
FUNCTION: enum_emu_snr.
FUNCTION: enum_emu_snr.
FUNCTION: connect_to_emu_without_snr.
FUNCTION: connect_to_emu_without_snr.
FUNCTION: enum_emu_snr.
JLinkARM.dll OpenEx returned error 'Can not connect to J-Link via USB.'.
FUNCTION: close_dll.
FUNCTION: close_dll.
--------------------------------------------------------------------------------
nrfjprog -f nrf52 --memrd 0 --log
nrfjprog verion 9.1.0
--------------------------------------------------------------------------------
FUNCTION: open_dll.
FUNCTION: open_dll.
Dll failed to open.
FUNCTION: close_dll.
FUNCTION: close_dll.
--------------------------------------------------------------------------------
nrfjprog -f nrf52 --memrd 0 --log
nrfjprog verion 9.1.0
--------------------------------------------------------------------------------
FUNCTION: open_dll.
FUNCTION: open_dll.
Dll failed to open.
FUNCTION: close_dll.
FUNCTION: close_dll.
--------------------------------------------------------------------------------
nrfjprog -f nrf52 --memrd 0 --log
nrfjprog verion 9.1.0
--------------------------------------------------------------------------------
FUNCTION: open_dll.
FUNCTION: open_dll.
Dll failed to open.
FUNCTION: close_dll.
FUNCTION: close_dll.
--------------------------------------------------------------------------------
nrfjprog -f nrf52 --memrd 0 --log
nrfjprog verion 9.1.0
--------------------------------------------------------------------------------
FUNCTION: open_dll.
FUNCTION: open_dll.
FUNCTION: enum_emu_snr.
FUNCTION: enum_emu_snr.
FUNCTION: enum_emu_snr.
FUNCTION: enum_emu_snr.
FUNCTION: connect_to_emu_without_snr.
FUNCTION: connect_to_emu_without_snr.
FUNCTION: enum_emu_snr.
JLinkARM.dll OpenEx returned error 'Can not connect to J-Link via USB.'.
FUNCTION: close_dll.
FUNCTION: close_dll.
--------------------------------------------------------------------------------
nrfjprog -f nrf52 --memrd 0 --log
nrfjprog verion 9.1.0
--------------------------------------------------------------------------------
FUNCTION: open_dll.
FUNCTION: open_dll.
FUNCTION: enum_emu_snr.
FUNCTION: enum_emu_snr.
FUNCTION: enum_emu_snr.
FUNCTION: enum_emu_snr.
FUNCTION: connect_to_emu_without_snr.
FUNCTION: connect_to_emu_without_snr.
FUNCTION: enum_emu_snr.
JLinkARM.dll OpenEx returned error 'Can not connect to J-Link via USB.'.
FUNCTION: close_dll.
FUNCTION: close_dll.
